This file contains any messages produced by compilers while
running configure, to aid debugging if configure makes a mistake.

It was created by configure, which was
generated by GNU Autoconf 2.69.  Invocation command line was

  $ ./configure --prefix=/Users/liangdong/Documents/kafka-http-pusher/lib/libevent --disable-shared

## --------- ##
## Platform. ##
## --------- ##

hostname = liangdongdeMacBook-Pro.local
uname -m = x86_64
uname -r = 16.1.0
uname -s = Darwin
uname -v = Darwin Kernel Version 16.1.0: Wed Oct 19 20:31:56 PDT 2016; root:xnu-3789.21.4~4/RELEASE_X86_64

/usr/bin/uname -p = i386
/bin/uname -X     = unknown

/bin/arch              = unknown
/usr/bin/arch -k       = unknown
/usr/convex/getsysinfo = unknown
/usr/bin/hostinfo      = Mach kernel version:
	 Darwin Kernel Version 16.1.0: Wed Oct 19 20:31:56 PDT 2016; root:xnu-3789.21.4~4/RELEASE_X86_64
Kernel configured for up to 4 processors.
2 processors are physically available.
4 processors are logically available.
Processor type: x86_64h (Intel x86-64h Haswell)
Processors active: 0 1 2 3
Primary memory available: 8.00 gigabytes
Default processor set: 231 tasks, 1413 threads, 4 processors
Load average: 2.06, Mach factor: 2.06
/bin/machine           = unknown
/usr/bin/oslevel       = unknown
/bin/universe          = unknown

PATH: /usr/local/bin
PATH: /usr/bin
PATH: /bin
PATH: /usr/sbin
PATH: /sbin


## ----------- ##
## Core tests. ##
## ----------- ##

configure:2640: checking for a BSD-compatible install
configure:2708: result: /usr/bin/install -c
configure:2719: checking whether build environment is sane
configure:2774: result: yes
configure:2925: checking for a thread-safe mkdir -p
configure:2964: result: ./install-sh -c -d
configure:2971: checking for gawk
configure:3001: result: no
configure:2971: checking for mawk
configure:3001: result: no
configure:2971: checking for nawk
configure:3001: result: no
configure:2971: checking for awk
configure:2987: found /usr/bin/awk
configure:2998: result: awk
configure:3009: checking whether make sets $(MAKE)
configure:3031: result: yes
configure:3132: checking build system type
configure:3146: result: x86_64-apple-darwin16.1.0
configure:3166: checking host system type
configure:3179: result: x86_64-apple-darwin16.1.0
configure:3255: checking for gcc
configure:3271: found /usr/bin/gcc
configure:3282: result: gcc
configure:3511: checking for C compiler version
configure:3520: gcc --version >&5
Apple LLVM version 8.0.0 (clang-800.0.42.1)
Target: x86_64-apple-darwin16.1.0
Thread model: posix
InstalledDir: /Library/Developer/CommandLineTools/usr/bin
Configured with: --prefix=/Library/Developer/CommandLineTools/usr --with-gxx-include-dir=/usr/include/c++/4.2.1
configure:3531: $? = 0
configure:3520: gcc -v >&5
Configured with: --prefix=/Library/Developer/CommandLineTools/usr --with-gxx-include-dir=/usr/include/c++/4.2.1
Apple LLVM version 8.0.0 (clang-800.0.42.1)
Target: x86_64-apple-darwin16.1.0
Thread model: posix
InstalledDir: /Library/Developer/CommandLineTools/usr/bin
configure:3531: $? = 0
configure:3520: gcc -V >&5
clang: error: argument to '-V' is missing (expected 1 value)
clang: error: no input files
configure:3531: $? = 1
configure:3520: gcc -qversion >&5
clang: error: unknown argument: '-qversion'
clang: error: no input files
configure:3531: $? = 1
configure:3551: checking whether the C compiler works
configure:3573: gcc    conftest.c  >&5
configure:3577: $? = 0
configure:3625: result: yes
configure:3628: checking for C compiler default output file name
configure:3630: result: a.out
configure:3636: checking for suffix of executables
configure:3643: gcc -o conftest    conftest.c  >&5
configure:3647: $? = 0
configure:3669: result: 
configure:3691: checking whether we are cross compiling
configure:3699: gcc -o conftest    conftest.c  >&5
configure:3703: $? = 0
configure:3710: ./conftest
configure:3714: $? = 0
configure:3729: result: no
configure:3734: checking for suffix of object files
configure:3756: gcc -c   conftest.c >&5
configure:3760: $? = 0
configure:3781: result: o
configure:3785: checking whether we are using the GNU C compiler
configure:3804: gcc -c   conftest.c >&5
configure:3804: $? = 0
configure:3813: result: yes
configure:3822: checking whether gcc accepts -g
configure:3842: gcc -c -g  conftest.c >&5
configure:3842: $? = 0
configure:3883: result: yes
configure:3900: checking for gcc option to accept ISO C89
configure:3963: gcc  -c -g -O2  conftest.c >&5
configure:3963: $? = 0
configure:3976: result: none needed
configure:4007: checking for style of include used by make
configure:4035: result: GNU
configure:4061: checking dependency style of gcc
configure:4172: result: gcc3
configure:4188: checking whether gcc and cc understand -c and -o together
configure:4219: gcc -c conftest.c -o conftest2.o >&5
configure:4223: $? = 0
configure:4229: gcc -c conftest.c -o conftest2.o >&5
configure:4233: $? = 0
configure:4244: cc -c conftest.c >&5
configure:4248: $? = 0
configure:4256: cc -c conftest.c -o conftest2.o >&5
configure:4260: $? = 0
configure:4266: cc -c conftest.c -o conftest2.o >&5
configure:4270: $? = 0
configure:4288: result: yes
configure:4314: checking whether ln -s works
configure:4318: result: yes
configure:4329: checking for a sed that does not truncate output
configure:4393: result: /usr/bin/sed
configure:4405: checking how to run the C preprocessor
configure:4436: gcc -E  conftest.c
configure:4436: $? = 0
configure:4450: gcc -E  conftest.c
conftest.c:12:10: fatal error: 'ac_nonexistent.h' file not found
#include <ac_nonexistent.h>
         ^
1 error generated.
configure:4450: $? = 1
configure: failed program was:
| /* confdefs.h */
| #define PACKAGE_NAME ""
| #define PACKAGE_TARNAME ""
| #define PACKAGE_VERSION ""
| #define PACKAGE_STRING ""
| #define PACKAGE_BUGREPORT ""
| #define PACKAGE_URL ""
| #define PACKAGE "libevent"
| #define VERSION "2.0.22-stable"
| #define NUMERIC_VERSION 0x02001600
| /* end confdefs.h.  */
| #include <ac_nonexistent.h>
configure:4475: result: gcc -E
configure:4495: gcc -E  conftest.c
configure:4495: $? = 0
configure:4509: gcc -E  conftest.c
conftest.c:12:10: fatal error: 'ac_nonexistent.h' file not found
#include <ac_nonexistent.h>
         ^
1 error generated.
configure:4509: $? = 1
configure: failed program was:
| /* confdefs.h */
| #define PACKAGE_NAME ""
| #define PACKAGE_TARNAME ""
| #define PACKAGE_VERSION ""
| #define PACKAGE_STRING ""
| #define PACKAGE_BUGREPORT ""
| #define PACKAGE_URL ""
| #define PACKAGE "libevent"
| #define VERSION "2.0.22-stable"
| #define NUMERIC_VERSION 0x02001600
| /* end confdefs.h.  */
| #include <ac_nonexistent.h>
configure:4538: checking for grep that handles long lines and -e

## ---------------- ##
## Cache variables. ##
## ---------------- ##

ac_cv_build=x86_64-apple-darwin16.1.0
ac_cv_c_compiler_gnu=yes
ac_cv_env_CC_set=
ac_cv_env_CC_value=
ac_cv_env_CFLAGS_set=
ac_cv_env_CFLAGS_value=
ac_cv_env_CPPFLAGS_set=
ac_cv_env_CPPFLAGS_value=
ac_cv_env_CPP_set=
ac_cv_env_CPP_value=
ac_cv_env_LDFLAGS_set=
ac_cv_env_LDFLAGS_value=
ac_cv_env_LIBS_set=
ac_cv_env_LIBS_value=
ac_cv_env_build_alias_set=
ac_cv_env_build_alias_value=
ac_cv_env_host_alias_set=
ac_cv_env_host_alias_value=
ac_cv_env_target_alias_set=
ac_cv_env_target_alias_value=
ac_cv_host=x86_64-apple-darwin16.1.0
ac_cv_objext=o
ac_cv_path_GREP=/usr/bin/grep
ac_cv_path_SED=/usr/bin/sed
ac_cv_path_install='/usr/bin/install -c'
ac_cv_prog_AWK=awk
ac_cv_prog_CPP='gcc -E'
ac_cv_prog_ac_ct_CC=gcc
ac_cv_prog_cc_c89=
ac_cv_prog_cc_g=yes
ac_cv_prog_cc_gcc_c_o=yes
ac_cv_prog_make_make_set=yes
am_cv_CC_dependencies_compiler_type=gcc3

## ----------------- ##
## Output variables. ##
## ----------------- ##

ACLOCAL='${SHELL} /Users/liangdong/Documents/kafka-http-pusher/depends/libevent-2.0.22-stable/missing --run aclocal-1.12'
AMDEPBACKSLASH='\'
AMDEP_FALSE='#'
AMDEP_TRUE=''
AMTAR='$${TAR-tar}'
AR=''
AUTOCONF='${SHELL} /Users/liangdong/Documents/kafka-http-pusher/depends/libevent-2.0.22-stable/missing --run autoconf'
AUTOHEADER='${SHELL} /Users/liangdong/Documents/kafka-http-pusher/depends/libevent-2.0.22-stable/missing --run autoheader'
AUTOMAKE='${SHELL} /Users/liangdong/Documents/kafka-http-pusher/depends/libevent-2.0.22-stable/missing --run automake-1.12'
AWK='awk'
BUILD_CYGWIN_FALSE=''
BUILD_CYGWIN_TRUE=''
BUILD_REGRESS_FALSE=''
BUILD_REGRESS_TRUE=''
BUILD_WIN32_FALSE=''
BUILD_WIN32_TRUE=''
BUILD_WITH_NO_UNDEFINED_FALSE=''
BUILD_WITH_NO_UNDEFINED_TRUE=''
CC='gcc'
CCDEPMODE='depmode=gcc3'
CFLAGS='-g -O2'
CPP='gcc -E'
CPPFLAGS=''
CYGPATH_W='echo'
DEFS=''
DEPDIR='.deps'
DEVPOLL_BACKEND_FALSE=''
DEVPOLL_BACKEND_TRUE=''
DLLTOOL=''
DSYMUTIL=''
DUMPBIN=''
ECHO_C='\c'
ECHO_N=''
ECHO_T=''
EGREP=''
EPOLL_BACKEND_FALSE=''
EPOLL_BACKEND_TRUE=''
EVPORT_BACKEND_FALSE=''
EVPORT_BACKEND_TRUE=''
EV_LIB_GDI=''
EV_LIB_WS32=''
EXEEXT=''
FGREP=''
GREP=''
INSTALL_DATA='${INSTALL} -m 644'
INSTALL_LIBEVENT_FALSE=''
INSTALL_LIBEVENT_TRUE=''
INSTALL_PROGRAM='${INSTALL}'
INSTALL_SCRIPT='${INSTALL}'
INSTALL_STRIP_PROGRAM='$(install_sh) -c -s'
KQUEUE_BACKEND_FALSE=''
KQUEUE_BACKEND_TRUE=''
LD=''
LDFLAGS=''
LIBEVENT_GC_SECTIONS=''
LIBOBJS=''
LIBS=''
LIBTOOL=''
LIBTOOL_DEPS=''
LIPO=''
LN_S='ln -s'
LTLIBOBJS=''
MAKEINFO='${SHELL} /Users/liangdong/Documents/kafka-http-pusher/depends/libevent-2.0.22-stable/missing --run makeinfo'
MANIFEST_TOOL=''
MKDIR_P='./install-sh -c -d'
NM=''
NMEDIT=''
OBJDUMP=''
OBJEXT='o'
OPENSSL_FALSE=''
OPENSSL_LIBADD=''
OPENSSL_LIBS=''
OPENSSL_TRUE=''
OTOOL64=''
OTOOL=''
PACKAGE='libevent'
PACKAGE_BUGREPORT=''
PACKAGE_NAME=''
PACKAGE_STRING=''
PACKAGE_TARNAME=''
PACKAGE_URL=''
PACKAGE_VERSION=''
PATH_SEPARATOR=':'
POLL_BACKEND_FALSE=''
POLL_BACKEND_TRUE=''
PTHREADS_FALSE=''
PTHREADS_TRUE=''
PTHREAD_CC=''
PTHREAD_CFLAGS=''
PTHREAD_LIBS=''
RANLIB=''
SED='/usr/bin/sed'
SELECT_BACKEND_FALSE=''
SELECT_BACKEND_TRUE=''
SET_MAKE=''
SHELL='/bin/sh'
SIGNAL_SUPPORT_FALSE=''
SIGNAL_SUPPORT_TRUE=''
STRIP=''
VERSION='2.0.22-stable'
ZLIB_LIBS=''
ZLIB_REGRESS_FALSE=''
ZLIB_REGRESS_TRUE=''
ac_ct_AR=''
ac_ct_CC='gcc'
ac_ct_DUMPBIN=''
acx_pthread_config=''
am__EXEEXT_FALSE=''
am__EXEEXT_TRUE=''
am__fastdepCC_FALSE='#'
am__fastdepCC_TRUE=''
am__include='include'
am__isrc=''
am__leading_dot='.'
am__nodep='_no'
am__quote=''
am__tar='$${TAR-tar} chof - "$$tardir"'
am__untar='$${TAR-tar} xf -'
bindir='${exec_prefix}/bin'
build='x86_64-apple-darwin16.1.0'
build_alias=''
build_cpu='x86_64'
build_os='darwin16.1.0'
build_vendor='apple'
datadir='${datarootdir}'
datarootdir='${prefix}/share'
docdir='${datarootdir}/doc/${PACKAGE}'
dvidir='${docdir}'
exec_prefix='NONE'
host='x86_64-apple-darwin16.1.0'
host_alias=''
host_cpu='x86_64'
host_os='darwin16.1.0'
host_vendor='apple'
htmldir='${docdir}'
includedir='${prefix}/include'
infodir='${datarootdir}/info'
install_sh='${SHELL} /Users/liangdong/Documents/kafka-http-pusher/depends/libevent-2.0.22-stable/install-sh'
libdir='${exec_prefix}/lib'
libexecdir='${exec_prefix}/libexec'
localedir='${datarootdir}/locale'
localstatedir='${prefix}/var'
mandir='${datarootdir}/man'
mkdir_p='$(MKDIR_P)'
oldincludedir='/usr/include'
pdfdir='${docdir}'
prefix='/Users/liangdong/Documents/kafka-http-pusher/lib/libevent'
program_transform_name='s,x,x,'
psdir='${docdir}'
sbindir='${exec_prefix}/sbin'
sharedstatedir='${prefix}/com'
sysconfdir='${prefix}/etc'
target_alias=''

## ----------- ##
## confdefs.h. ##
## ----------- ##

/* confdefs.h */
#define PACKAGE_NAME ""
#define PACKAGE_TARNAME ""
#define PACKAGE_VERSION ""
#define PACKAGE_STRING ""
#define PACKAGE_BUGREPORT ""
#define PACKAGE_URL ""
#define PACKAGE "libevent"
#define VERSION "2.0.22-stable"
#define NUMERIC_VERSION 0x02001600

configure: caught signal 2
configure: exit 1
